[LOG] System::create                           : Header version = 2.01.09. Current version = 2.01.09.
[LOG] Manager::init                            : maxchannels = 256 studioflags = 00000006 flags 00000000 extradriverdata 0000000000000000.
[LOG] SystemI::init                            : Initialize version=20109 (115889), maxchannels=256, flags=0x00020000
[LOG] SystemI::setOutputInternal               : Setting output to 'FMOD WASAPI Output'
[LOG] OutputWASAPI::init                       : Mix Format (WAVEFORMATEX): wFormatTag=0xFFFE, nChannels=2, nSamplesPerSec=44100, nAvgBytesPerSec=352800, nBlockAlign=8, wBitsPerSample=32, cbSize=22.
[LOG] OutputWASAPI::init                       : Mix Format (WAVEFORMATEXTENSIBLE): wValidBitsPerSample=32, dwChannelMask=0x00000003, SubFormat=00000003-0000-0010-8000-00AA00389B71.
[LOG] OutputWASAPI::init                       : Output buffer size: 3760 samples, latency: 0.00ms, period: 10.00ms, DSP buffer: 1024 * 4
[LOG] SystemI::init                            : Output requires a sample rate of 44100Hz, resampling will occur.
[LOG] Thread::initThread                       : Init FMOD stream thread. Affinity: 0x8000000000000003, Priority: 0xFFFF7FFB, Stack Size: 98304, Semaphore: No, Sleep Time: 10, Looping: Yes.
[LOG] Thread::initThread                       : Init FMOD mixer thread. Affinity: 0x8000000000000001, Priority: 0xFFFF7FFA, Stack Size: 81920, Semaphore: No, Sleep Time: 0, Looping: Yes.
[LOG] AsyncManager::init                       : manager 00000222625A0F38 isAsync 0 updatePeriod 0.02
[LOG] AsyncManager::init                       : done
[LOG] PlaybackSystem::init                     : 
[LOG] Thread::initThread                       : Init FMOD Studio sample load thread. Affinity: 0x8000000000000003, Priority: 0xFFFF7FFD, Stack Size: 98304, Semaphore: No, Sleep Time: 1, Looping: No.
[LOG] PlaybackSystem::init                     : done
[LOG] Thread::initThread                       : Init FMOD Studio bank load thread. Affinity: 0x8000000000000003, Priority: 0xFFFF7FFD, Stack Size: 98304, Semaphore: No, Sleep Time: 1, Looping: No.
[LOG] Manager::init                            : done.
[LOG] Manager::readBank                        : fileversion = 135, compatVersion = 132 (oldest = 44, newest = 135)
[LOG] Manager::readBank                        : fileversion = 135, compatVersion = 132 (oldest = 44, newest = 135)
[LOG] SystemI::createSoundInternal             : Create name='', mode=0x02000202
[LOG] SystemI::createSoundInternal             : exinfo->cbsize             = 224
[LOG] SystemI::createSoundInternal             : exinfo->length             = 3610720
[LOG] SystemI::createSoundInternal             : exinfo->fileoffset         = 20768
[LOG] SystemI::createSoundInternal             : exinfo->numsubsounds       = 1
[LOG] SystemI::createSoundInternal             : exinfo->inclusionlist      = 00000055D422F198
[LOG] SystemI::createSoundInternal             : exinfo->inclusionlistnum   = 1
[LOG] SystemI::createSoundInternal             : exinfo->suggestedsoundtype = 5
[LOG] SystemI::createSoundInternal             : exinfo->useropen           = 00007FFA74857D70
[LOG] SystemI::createSoundInternal             : exinfo->userclose          = 00007FFA74857D40
[LOG] SystemI::createSoundInternal             : exinfo->userread           = 00007FFA74857E40
[LOG] SystemI::createSoundInternal             : exinfo->userseek           = 00007FFA74857F00
[LOG] SystemI::createSoundInternal             : exinfo->fileuserdata       = 0000021FE6A1F6A8
[LOG] SystemI::createSoundInternal             : exinfo->initialseekpostype = 1
[LOG] SystemI::DSPCodecPoolRegister            : register codec pool for pool type 5
[LOG] SystemI::createSoundInternal             : Sample 0/1: name='SelectUIButtonSFX', format=5, channels=2, frequency=48000, lengthbytes=1280, lengthpcm=42631, pcmblocksize=0, loopstart=0, loopend=0, mode=0x00000000, channelmask=0x00000000, channelorder=0, peakvolume=0.479553.
[LOG] SystemI::createSoundInternal             : Create name='', mode=0x02000202
[LOG] SystemI::createSoundInternal             : exinfo->cbsize             = 224
[LOG] SystemI::createSoundInternal             : exinfo->length             = 3610720
[LOG] SystemI::createSoundInternal             : exinfo->fileoffset         = 20768
[LOG] SystemI::createSoundInternal             : exinfo->numsubsounds       = 1
[LOG] SystemI::createSoundInternal             : exinfo->inclusionlist      = 00000055D422F198
[LOG] SystemI::createSoundInternal             : exinfo->inclusionlistnum   = 1
[LOG] SystemI::createSoundInternal             : exinfo->suggestedsoundtype = 5
[LOG] SystemI::createSoundInternal             : exinfo->useropen           = 00007FFA74857D70
[LOG] SystemI::createSoundInternal             : exinfo->userclose          = 00007FFA74857D40
[LOG] SystemI::createSoundInternal             : exinfo->userread           = 00007FFA74857E40
[LOG] SystemI::createSoundInternal             : exinfo->userseek           = 00007FFA74857F00
[LOG] SystemI::createSoundInternal             : exinfo->fileuserdata       = 000002220FC57908
[LOG] SystemI::createSoundInternal             : exinfo->initialseekpostype = 1
[LOG] SystemI::DSPCodecPoolRegister            : register codec pool for pool type 5
[LOG] SystemI::createSoundInternal             : Sample 0/1: name='ExtinguishSFX', format=5, channels=2, frequency=48000, lengthbytes=24160, lengthpcm=121626, pcmblocksize=0, loopstart=0, loopend=0, mode=0x00000000, channelmask=0x00000000, channelorder=0, peakvolume=0.549286.
[LOG] SystemI::createSound                     : filename = ../GPS2_FMOD/Build\Desktop/Master.bank : mode 02010082
[LOG] SystemI::createSound                     : FMOD_NONBLOCKING specified.  Putting into queue to be opened asynchronously!
[LOG] SystemI::createSound                     : setdata soundi = 000002215682C938 : node = 000002226786FA10
[LOG] SystemI::createSound                     : add node to async list : head = 0000021FED7EEB48.  list count = 0
[LOG] AsyncThread::threadFunc                  : Starting Asynchronous operation on sound 000002215682C938
[LOG] SystemI::createSoundInternal             :     Create name='../GPS2_FMOD/Build\Desktop/Master.bank', mode=0x02010082
[LOG] SystemI::createSoundInternal             :     exinfo->cbsize             = 224
[LOG] SystemI::createSoundInternal             :     exinfo->length             = 3610720
[LOG] SystemI::createSoundInternal             :     exinfo->fileoffset         = 20768
[LOG] SystemI::createSoundInternal             :     exinfo->numsubsounds       = 1
[LOG] SystemI::createSoundInternal             :     exinfo->inclusionlist      = 000002226786FB20
[LOG] SystemI::createSoundInternal             :     exinfo->inclusionlistnum   = 1
[LOG] SystemI::createSoundInternal             :     exinfo->suggestedsoundtype = 5
[LOG] SystemI::createSoundInternal             :     exinfo->initialseekpostype = 1
[LOG] SystemI::createSoundInternal             :     Stream 0/1: name='Level3BGM', format=5, channels=2, frequency=48000, lengthbytes=198304, lengthpcm=1008117, pcmblocksize=0, loopstart=0, loopend=0, mode=0x00000000, channelmask=0x00000000, channelorder=0, peakvolume=0.427917.
[LOG] AsyncThread::threadFunc                  : Finished Asynchronous operation on sound 000002215682C938
[LOG] SystemI::createSoundInternal             : Create name='', mode=0x02000202
[LOG] SystemI::createSoundInternal             : exinfo->cbsize             = 224
[LOG] SystemI::createSoundInternal             : exinfo->length             = 3610720
[LOG] SystemI::createSoundInternal             : exinfo->fileoffset         = 20768
[LOG] SystemI::createSoundInternal             : exinfo->numsubsounds       = 1
[LOG] SystemI::createSoundInternal             : exinfo->inclusionlist      = 00000055D422F198
[LOG] SystemI::createSoundInternal             : exinfo->inclusionlistnum   = 1
[LOG] SystemI::createSoundInternal             : exinfo->suggestedsoundtype = 5
[LOG] SystemI::createSoundInternal             : exinfo->useropen           = 00007FFA74857D70
[LOG] SystemI::createSoundInternal             : exinfo->userclose          = 00007FFA74857D40
[LOG] SystemI::createSoundInternal             : exinfo->userread           = 00007FFA74857E40
[LOG] SystemI::createSoundInternal             : exinfo->userseek           = 00007FFA74857F00
[LOG] SystemI::createSoundInternal             : exinfo->fileuserdata       = 000002220FC574E8
[LOG] SystemI::createSoundInternal             : exinfo->initialseekpostype = 1
[LOG] SystemI::DSPCodecPoolRegister            : register codec pool for pool type 5
[LOG] SystemI::createSoundInternal             : Sample 0/1: name='BreakWallSFX', format=5, channels=2, frequency=48000, lengthbytes=12096, lengthpcm=62693, pcmblocksize=0, loopstart=0, loopend=0, mode=0x00000000, channelmask=0x00000000, channelorder=0, peakvolume=0.720062.
[LOG] SoundI::release                          : Level3BGM (0000022233DC0218)
[LOG] SoundI::release                          :     Level3BGM (00000222159F7D08)
[LOG] SoundI::release                          :     Level3BGM (0000022233DC0F98)
[LOG] SoundI::release                          : Level3BGM (000002215682C938)
[LOG] SoundI::release                          :     Level3BGM (0000021FEE45B8D8)
[LOG] SoundI::release                          :     Level3BGM (000002215682D1A8)
[LOG] SoundI::release                          :  (0000022228997CA8)
[LOG] SoundI::release                          :     ExtinguishSFX (00000221569ED218)
[LOG] SoundI::release                          :  (000002222E9C10D8)
[LOG] SoundI::release                          :     SelectUIButtonSFX (000002221529DC48)
[LOG] SoundI::release                          :  (0000022228997298)
[LOG] SoundI::release                          :     BreakWallSFX (00000221569ECD38)
[LOG] Thread::callback                         : FMOD Studio update thread finished.
[LOG] Thread::callback                         : FMOD Studio bank load thread finished.
[LOG] Profile::disconnectAll                   : Profiler disconnecting all clients
[LOG] Thread::callback                         : FMOD Studio sample load thread finished.
[LOG] LiveUpdate::release                      : 
[LOG] LiveUpdate::reset                        : Reset connection (reason Disconnected)
[LOG] Thread::callback                         : FMOD stream thread finished.
[LOG] Thread::callback                         : FMOD mixer thread finished.
[LOG] Profile::disconnectAll                   : Profiler disconnecting all clients
[LOG] SystemI::close                           : Closed.
